{"D:\\Nodejs projects\\test\\src\\controllers\\currentStock.controller.ts": {"path":"D:\\Nodejs projects\\test\\src\\controllers\\currentStock.controller.ts","statementMap":{"0":{"start":{"line":2,"column":0},"end":{"line":2,"column":42}},"1":{"start":{"line":5,"column":0},"end":{"line":5,"column":47}},"2":{"start":{"line":6,"column":0},"end":{"line":6,"column":44}},"3":{"start":{"line":9,"column":17},"end":{"line":9,"column":36}},"4":{"start":{"line":11,"column":25},"end":{"line":11,"column":50}},"5":{"start":{"line":12,"column":18},"end":{"line":12,"column":36}},"6":{"start":{"line":14,"column":44},"end":{"line":29,"column":2}},"7":{"start":{"line":18,"column":4},"end":{"line":29,"column":2}},"8":{"start":{"line":19,"column":2},"end":{"line":28,"column":null}},"9":{"start":{"line":20,"column":22},"end":{"line":20,"column":49}},"10":{"start":{"line":21,"column":23},"end":{"line":21,"column":48}},"11":{"start":{"line":22,"column":19},"end":{"line":24,"column":63}},"12":{"start":{"line":25,"column":4},"end":{"line":25,"column":26}},"13":{"start":{"line":27,"column":4},"end":{"line":27,"column":53}},"14":{"start":{"line":14,"column":13},"end":{"line":14,"column":44}},"15":{"start":{"line":31,"column":30},"end":{"line":57,"column":2}},"16":{"start":{"line":33,"column":35},"end":{"line":57,"column":2}},"17":{"start":{"line":34,"column":31},"end":{"line":37,"column":4}},"18":{"start":{"line":39,"column":21},"end":{"line":39,"column":70}},"19":{"start":{"line":39,"column":52},"end":{"line":39,"column":69}},"20":{"start":{"line":41,"column":2},"end":{"line":56,"column":null}},"21":{"start":{"line":42,"column":30},"end":{"line":43,"column":null}},"22":{"start":{"line":43,"column":30},"end":{"line":43,"column":46}},"23":{"start":{"line":45,"column":19},"end":{"line":51,"column":null}},"24":{"start":{"line":47,"column":8},"end":{"line":48,"column":76}},"25":{"start":{"line":49,"column":8},"end":{"line":49,"column":19}},"26":{"start":{"line":53,"column":4},"end":{"line":53,"column":50}},"27":{"start":{"line":55,"column":4},"end":{"line":55,"column":16}},"28":{"start":{"line":31,"column":13},"end":{"line":31,"column":30}}},"fnMap":{"0":{"name":"(anonymous_8)","decl":{"start":{"line":14,"column":44},"end":{"line":14,"column":null}},"loc":{"start":{"line":18,"column":4},"end":{"line":29,"column":2}}},"1":{"name":"(anonymous_9)","decl":{"start":{"line":18,"column":4},"end":{"line":18,"column":null}},"loc":{"start":{"line":18,"column":4},"end":{"line":29,"column":1}}},"2":{"name":"(anonymous_10)","decl":{"start":{"line":31,"column":30},"end":{"line":31,"column":null}},"loc":{"start":{"line":33,"column":35},"end":{"line":57,"column":2}}},"3":{"name":"(anonymous_11)","decl":{"start":{"line":33,"column":35},"end":{"line":33,"column":null}},"loc":{"start":{"line":33,"column":35},"end":{"line":57,"column":1}}},"4":{"name":"(anonymous_12)","decl":{"start":{"line":39,"column":33},"end":{"line":39,"column":34}},"loc":{"start":{"line":39,"column":52},"end":{"line":39,"column":69}}},"5":{"name":"(anonymous_13)","decl":{"start":{"line":43,"column":6},"end":{"line":43,"column":7}},"loc":{"start":{"line":43,"column":30},"end":{"line":43,"column":46}}},"6":{"name":"(anonymous_14)","decl":{"start":{"line":46,"column":6},"end":{"line":46,"column":7}},"loc":{"start":{"line":46,"column":41},"end":{"line":50,"column":7}}}},"branchMap":{"0":{"loc":{"start":{"line":22,"column":19},"end":{"line":24,"column":63}},"type":"cond-expr","locations":[{"start":{"line":23,"column":8},"end":{"line":23,"column":66}},{"start":{"line":24,"column":8},"end":{"line":24,"column":63}}]},"1":{"loc":{"start":{"line":41,"column":2},"end":{"line":56,"column":null}},"type":"if","locations":[{"start":{"line":41,"column":2},"end":{"line":56,"column":null}},{"start":{"line":54,"column":9},"end":{"line":56,"column":null}}]},"2":{"loc":{"start":{"line":48,"column":10},"end":{"line":48,"column":75}},"type":"cond-expr","locations":[{"start":{"line":48,"column":34},"end":{"line":48,"column":53}},{"start":{"line":48,"column":56},"end":{"line":48,"column":75}}]}},"s":{"0":1,"1":1,"2":1,"3":1,"4":1,"5":1,"6":1,"7":0,"8":0,"9":0,"10":0,"11":0,"12":0,"13":0,"14":1,"15":1,"16":2,"17":2,"18":2,"19":101,"20":2,"21":1,"22":1100,"23":1,"24":9,"25":9,"26":1,"27":1,"28":1},"f":{"0":0,"1":0,"2":2,"3":2,"4":101,"5":1100,"6":9},"b":{"0":[0,0],"1":[1,1],"2":[2,7]}}
,"D:\\Nodejs projects\\test\\src\\utils\\constant.ts": {"path":"D:\\Nodejs projects\\test\\src\\utils\\constant.ts","statementMap":{"0":{"start":{"line":1,"column":0},"end":{"line":1,"column":null}},"1":{"start":{"line":2,"column":2},"end":{"line":2,"column":null}},"2":{"start":{"line":3,"column":2},"end":{"line":3,"column":null}},"3":{"start":{"line":4,"column":2},"end":{"line":4,"column":null}},"4":{"start":{"line":5,"column":2},"end":{"line":5,"column":null}},"5":{"start":{"line":6,"column":2},"end":{"line":6,"column":null}},"6":{"start":{"line":7,"column":2},"end":{"line":7,"column":null}}},"fnMap":{"0":{"name":"(anonymous_0)","decl":{"start":{"line":1,"column":0},"end":{"line":1,"column":12}},"loc":{"start":{"line":1,"column":19},"end":{"line":8,"column":1}}}},"branchMap":{"0":{"loc":{"start":{"line":1,"column":12},"end":{"line":1,"column":null}},"type":"binary-expr","locations":[{"start":{"line":1,"column":12},"end":{"line":1,"column":19}},{"start":{"line":1,"column":12},"end":{"line":1,"column":null}}]}},"s":{"0":1,"1":1,"2":1,"3":1,"4":1,"5":1,"6":1},"f":{"0":1},"b":{"0":[1,1]}}
,"D:\\Nodejs projects\\test\\src\\utils\\helper.ts": {"path":"D:\\Nodejs projects\\test\\src\\utils\\helper.ts","statementMap":{"0":{"start":{"line":1,"column":10},"end":{"line":1,"column":31}},"1":{"start":{"line":2,"column":28},"end":{"line":14,"column":1}},"2":{"start":{"line":8,"column":2},"end":{"line":13,"column":4}},"3":{"start":{"line":2,"column":13},"end":{"line":2,"column":28}},"4":{"start":{"line":16,"column":29},"end":{"line":21,"column":1}},"5":{"start":{"line":17,"column":2},"end":{"line":19,"column":null}},"6":{"start":{"line":18,"column":4},"end":{"line":18,"column":16}},"7":{"start":{"line":20,"column":2},"end":{"line":20,"column":15}},"8":{"start":{"line":16,"column":13},"end":{"line":16,"column":29}},"9":{"start":{"line":23,"column":22},"end":{"line":34,"column":1}},"10":{"start":{"line":24,"column":2},"end":{"line":32,"column":null}},"11":{"start":{"line":31,"column":4},"end":{"line":31,"column":16}},"12":{"start":{"line":33,"column":2},"end":{"line":33,"column":15}},"13":{"start":{"line":23,"column":13},"end":{"line":23,"column":22}},"14":{"start":{"line":36,"column":25},"end":{"line":38,"column":1}},"15":{"start":{"line":37,"column":2},"end":{"line":37,"column":20}},"16":{"start":{"line":36,"column":13},"end":{"line":36,"column":25}},"17":{"start":{"line":40,"column":24},"end":{"line":55,"column":1}},"18":{"start":{"line":41,"column":12},"end":{"line":41,"column":14}},"19":{"start":{"line":42,"column":2},"end":{"line":44,"column":null}},"20":{"start":{"line":43,"column":4},"end":{"line":43,"column":39}},"21":{"start":{"line":45,"column":2},"end":{"line":47,"column":null}},"22":{"start":{"line":46,"column":4},"end":{"line":46,"column":37}},"23":{"start":{"line":48,"column":2},"end":{"line":50,"column":null}},"24":{"start":{"line":49,"column":4},"end":{"line":49,"column":38}},"25":{"start":{"line":51,"column":2},"end":{"line":53,"column":null}},"26":{"start":{"line":52,"column":4},"end":{"line":52,"column":41}},"27":{"start":{"line":54,"column":2},"end":{"line":54,"column":13}},"28":{"start":{"line":40,"column":13},"end":{"line":40,"column":24}}},"fnMap":{"0":{"name":"(anonymous_0)","decl":{"start":{"line":2,"column":28},"end":{"line":2,"column":null}},"loc":{"start":{"line":7,"column":4},"end":{"line":14,"column":1}}},"1":{"name":"(anonymous_1)","decl":{"start":{"line":16,"column":29},"end":{"line":16,"column":30}},"loc":{"start":{"line":16,"column":75},"end":{"line":21,"column":1}}},"2":{"name":"(anonymous_2)","decl":{"start":{"line":23,"column":22},"end":{"line":23,"column":23}},"loc":{"start":{"line":23,"column":33},"end":{"line":34,"column":1}}},"3":{"name":"(anonymous_3)","decl":{"start":{"line":36,"column":25},"end":{"line":36,"column":26}},"loc":{"start":{"line":36,"column":36},"end":{"line":38,"column":1}}},"4":{"name":"(anonymous_4)","decl":{"start":{"line":40,"column":24},"end":{"line":40,"column":25}},"loc":{"start":{"line":40,"column":35},"end":{"line":55,"column":1}}}},"branchMap":{"0":{"loc":{"start":{"line":17,"column":2},"end":{"line":19,"column":null}},"type":"if","locations":[{"start":{"line":17,"column":2},"end":{"line":19,"column":null}}]},"1":{"loc":{"start":{"line":17,"column":6},"end":{"line":17,"column":26}},"type":"binary-expr","locations":[{"start":{"line":17,"column":6},"end":{"line":17,"column":15}},{"start":{"line":17,"column":19},"end":{"line":17,"column":26}}]},"2":{"loc":{"start":{"line":24,"column":2},"end":{"line":32,"column":null}},"type":"if","locations":[{"start":{"line":24,"column":2},"end":{"line":32,"column":null}}]},"3":{"loc":{"start":{"line":25,"column":4},"end":{"line":29,"column":16}},"type":"binary-expr","locations":[{"start":{"line":25,"column":4},"end":{"line":25,"column":28}},{"start":{"line":26,"column":4},"end":{"line":26,"column":21}},{"start":{"line":27,"column":4},"end":{"line":27,"column":19}},{"start":{"line":28,"column":4},"end":{"line":28,"column":14}},{"start":{"line":29,"column":4},"end":{"line":29,"column":16}}]},"4":{"loc":{"start":{"line":42,"column":2},"end":{"line":44,"column":null}},"type":"if","locations":[{"start":{"line":42,"column":2},"end":{"line":44,"column":null}}]},"5":{"loc":{"start":{"line":45,"column":2},"end":{"line":47,"column":null}},"type":"if","locations":[{"start":{"line":45,"column":2},"end":{"line":47,"column":null}}]},"6":{"loc":{"start":{"line":48,"column":2},"end":{"line":50,"column":null}},"type":"if","locations":[{"start":{"line":48,"column":2},"end":{"line":50,"column":null}}]},"7":{"loc":{"start":{"line":51,"column":2},"end":{"line":53,"column":null}},"type":"if","locations":[{"start":{"line":51,"column":2},"end":{"line":53,"column":null}}]}},"s":{"0":1,"1":1,"2":0,"3":1,"4":1,"5":0,"6":0,"7":0,"8":1,"9":1,"10":0,"11":0,"12":0,"13":1,"14":1,"15":0,"16":1,"17":1,"18":0,"19":0,"20":0,"21":0,"22":0,"23":0,"24":0,"25":0,"26":0,"27":0,"28":1},"f":{"0":0,"1":0,"2":0,"3":0,"4":0},"b":{"0":[0],"1":[0,0],"2":[0],"3":[0,0,0,0,0],"4":[0],"5":[0],"6":[0],"7":[0]}}
}
