TN:
SF:src\controllers\currentStock.controller.ts
FN:14,(anonymous_8)
FN:18,(anonymous_9)
FN:31,(anonymous_10)
FN:33,(anonymous_11)
FN:39,(anonymous_12)
FN:43,(anonymous_13)
FN:46,(anonymous_14)
FNF:7
FNH:5
FNDA:0,(anonymous_8)
FNDA:0,(anonymous_9)
FNDA:2,(anonymous_10)
FNDA:2,(anonymous_11)
FNDA:101,(anonymous_12)
FNDA:1100,(anonymous_13)
FNDA:9,(anonymous_14)
DA:2,1
DA:5,1
DA:6,1
DA:9,1
DA:11,1
DA:12,1
DA:14,1
DA:18,0
DA:19,0
DA:20,0
DA:21,0
DA:22,0
DA:25,0
DA:27,0
DA:31,1
DA:33,2
DA:34,2
DA:39,101
DA:41,2
DA:42,1
DA:43,1100
DA:45,1
DA:47,9
DA:49,9
DA:53,1
DA:55,1
LF:26
LH:19
BRDA:22,0,0,0
BRDA:22,0,1,0
BRDA:41,1,0,1
BRDA:41,1,1,1
BRDA:48,2,0,2
BRDA:48,2,1,7
BRF:6
BRH:4
end_of_record
TN:
SF:src\utils\constant.ts
FN:1,(anonymous_0)
FNF:1
FNH:1
FNDA:1,(anonymous_0)
DA:1,1
DA:2,1
DA:3,1
DA:4,1
DA:5,1
DA:6,1
DA:7,1
LF:7
LH:7
BRDA:1,0,0,1
BRDA:1,0,1,1
BRF:2
BRH:2
end_of_record
TN:
SF:src\utils\helper.ts
FN:2,(anonymous_0)
FN:16,(anonymous_1)
FN:23,(anonymous_2)
FN:36,(anonymous_3)
FN:40,(anonymous_4)
FNF:5
FNH:0
FNDA:0,(anonymous_0)
FNDA:0,(anonymous_1)
FNDA:0,(anonymous_2)
FNDA:0,(anonymous_3)
FNDA:0,(anonymous_4)
DA:1,1
DA:2,1
DA:8,0
DA:16,1
DA:17,0
DA:18,0
DA:20,0
DA:23,1
DA:24,0
DA:31,0
DA:33,0
DA:36,1
DA:37,0
DA:40,1
DA:41,0
DA:42,0
DA:43,0
DA:45,0
DA:46,0
DA:48,0
DA:49,0
DA:51,0
DA:52,0
DA:54,0
LF:24
LH:6
BRDA:17,0,0,0
BRDA:17,1,0,0
BRDA:17,1,1,0
BRDA:24,2,0,0
BRDA:25,3,0,0
BRDA:25,3,1,0
BRDA:25,3,2,0
BRDA:25,3,3,0
BRDA:25,3,4,0
BRDA:42,4,0,0
BRDA:45,5,0,0
BRDA:48,6,0,0
BRDA:51,7,0,0
BRF:13
BRH:0
end_of_record
